<?xml version="1.0" encoding="UTF-8"?>
<testsuite name="swb.intro.mtLocatorCompositionIT" time="14.688" tests="4" errors="1" skipped="0" failures="0">
  <properties>
[...]
</properties>
  <testcase name="locateIDorName" classname="swb.intro.mtLocatorCompositionIT" time="4.316"/>
  <testcase name="byAnd" classname="swb.intro.mtLocatorCompositionIT" time="3.287"/>
  <testcase name="byAndCntForm" classname="swb.intro.mtLocatorCompositionIT" time="3.592">
    <error message="Cannot locate an element using [unknown locator]&#10;For documentation on this error, please visit: http://seleniumhq.org/exceptions/no_such_element.html&#10;Build info: version: &apos;3.0.1&apos;, revision: &apos;1969d75&apos;, time: &apos;2016-10-18 09:49:13 -0700&apos;&#10;System info: host: &apos;DESKTOP-HVDDQFT&apos;, ip: &apos;169.254.160.7&apos;, os.name: &apos;Windows 10&apos;, os.arch: &apos;amd64&apos;, os.version: &apos;10.0&apos;, java.version: &apos;1.8.0_221&apos;&#10;Driver info: driver.version: RemoteWebDriver" type="org.openqa.selenium.NoSuchElementException">org.openqa.selenium.NoSuchElementException: Cannot locate an element using [unknown locator]
For documentation on this error, please visit: http://seleniumhq.org/exceptions/no_such_element.html
Build info: version: '3.0.1', revision: '1969d75', time: '2016-10-18 09:49:13 -0700'
System info: host: 'DESKTOP-HVDDQFT', ip: '169.254.160.7', os.name: 'Windows 10', os.arch: 'amd64', os.version: '10.0', java.version: '1.8.0_221'
Driver info: driver.version: RemoteWebDriver
	at org.openqa.selenium.By.findElement(By.java:162)
	at org.openqa.selenium.remote.RemoteWebDriver.findElement(RemoteWebDriver.java:360)
	at swb.intro.mtLocatorCompositionIT.byAndCntForm(mtLocatorCompositionIT.java:66)
</error>
    <system-err><![CDATA[Starting ChromeDriver 2.38.551601 (edb21f07fc70e9027c746edd3201443e011a61ed) on port 21977
Only local connections are allowed.
Nov 25, 2019 12:11:43 PM org.openqa.selenium.remote.ProtocolHandshake createSession
INFO: Attempting bi-dialect session, assuming Postel's Law holds true on the remote end
Nov 25, 2019 12:11:45 PM org.openqa.selenium.remote.ProtocolHandshake createSession
INFO: Detected dialect: OSS
]]></system-err>
  </testcase>
  <testcase name="byChained" classname="swb.intro.mtLocatorCompositionIT" time="3.493"/>
</testsuite>